<?xml version="1.0" encoding="UTF-8"?>
<testsuite name="com.derp.scottSmallProj.scottSmallProjectTests" tests="1" skipped="0" failures="0" errors="0" timestamp="2023-09-30T00:21:06" hostname="Scotts-MacBook-Pro-2.local" time="0.487">
  <properties/>
  <testcase name="contextLoads()" classname="com.derp.scottSmallProj.scottSmallProjectTests" time="0.487"/>
  <system-out><![CDATA[20:21:01.917 [Test worker] DEBUG org.springframework.test.context.BootstrapUtils - Instantiating CacheAwareContextLoaderDelegate from class [org.springframework.test.context.cache.DefaultCacheAwareContextLoaderDelegate]
20:21:01.934 [Test worker] DEBUG org.springframework.test.context.BootstrapUtils - Instantiating BootstrapContext using constructor [public org.springframework.test.context.support.DefaultBootstrapContext(java.lang.Class,org.springframework.test.context.CacheAwareContextLoaderDelegate)]
20:21:01.996 [Test worker] DEBUG org.springframework.test.context.BootstrapUtils - Instantiating TestContextBootstrapper for test class [com.derp.scottSmallProj.scottSmallProjectTests] from class [org.springframework.boot.test.context.SpringBootTestContextBootstrapper]
20:21:02.011 [Test worker] INFO org.springframework.boot.test.context.SpringBootTestContextBootstrapper - Neither @ContextConfiguration nor @ContextHierarchy found for test class [com.derp.scottSmallProj.scottSmallProjectTests], using SpringBootContextLoader
20:21:02.019 [Test worker] DEBUG org.springframework.test.context.support.AbstractContextLoader - Did not detect default resource location for test class [com.derp.scottSmallProj.scottSmallProjectTests]: class path resource [com/derp/scottSmallProj/scottSmallProjectTests-context.xml] does not exist
20:21:02.019 [Test worker] DEBUG org.springframework.test.context.support.AbstractContextLoader - Did not detect default resource location for test class [com.derp.scottSmallProj.scottSmallProjectTests]: class path resource [com/derp/scottSmallProj/scottSmallProjectTestsContext.groovy] does not exist
20:21:02.019 [Test worker] INFO org.springframework.test.context.support.AbstractContextLoader - Could not detect default resource locations for test class [com.derp.scottSmallProj.scottSmallProjectTests]: no resource found for suffixes {-context.xml, Context.groovy}.
20:21:02.021 [Test worker] INFO org.springframework.test.context.support.AnnotationConfigContextLoaderUtils - Could not detect default configuration classes for test class [com.derp.scottSmallProj.scottSmallProjectTests]: scottSmallProjectTests does not declare any static, non-private, non-final, nested classes annotated with @Configuration.
20:21:02.075 [Test worker] DEBUG org.springframework.test.context.support.ActiveProfilesUtils - Could not find an 'annotation declaring class' for annotation type [org.springframework.test.context.ActiveProfiles] and class [com.derp.scottSmallProj.scottSmallProjectTests]
20:21:02.158 [Test worker] DEBUG org.springframework.context.annotation.ClassPathScanningCandidateComponentProvider - Identified candidate component class: file [/Users/scottcardinali/Repos/JavaSmallProj/build/classes/java/main/com/derp/scottSmallProj/scottSmallProject.class]
20:21:02.159 [Test worker] INFO org.springframework.boot.test.context.SpringBootTestContextBootstrapper - Found @SpringBootConfiguration com.derp.scottSmallProj.scottSmallProject for test class com.derp.scottSmallProj.scottSmallProjectTests
20:21:02.326 [Test worker] DEBUG org.springframework.boot.test.context.SpringBootTestContextBootstrapper - @TestExecutionListeners is not present for class [com.derp.scottSmallProj.scottSmallProjectTests]: using defaults.
20:21:02.326 [Test worker] INFO org.springframework.boot.test.context.SpringBootTestContextBootstrapper - Loaded default TestExecutionListener class names from location [META-INF/spring.factories]: [org.springframework.boot.test.autoconfigure.restdocs.RestDocsTestExecutionListener, org.springframework.boot.test.autoconfigure.web.client.MockRestServiceServerResetTestExecutionListener, org.springframework.boot.test.autoconfigure.web.servlet.MockMvcPrintOnlyOnFailureTestExecutionListener, org.springframework.boot.test.autoconfigure.web.servlet.WebDriverTestExecutionListener, org.springframework.boot.test.autoconfigure.webservices.client.MockWebServiceServerTestExecutionListener, org.springframework.boot.test.mock.mockito.MockitoTestExecutionListener, org.springframework.boot.test.mock.mockito.ResetMocksTestExecutionListener, org.springframework.test.context.web.ServletTestExecutionListener, org.springframework.test.context.support.DirtiesContextBeforeModesTestExecutionListener, org.springframework.test.context.event.ApplicationEventsTestExecutionListener, org.springframework.test.context.support.DependencyInjectionTestExecutionListener, org.springframework.test.context.support.DirtiesContextTestExecutionListener, org.springframework.test.context.transaction.TransactionalTestExecutionListener, org.springframework.test.context.jdbc.SqlScriptsTestExecutionListener, org.springframework.test.context.event.EventPublishingTestExecutionListener]
20:21:02.353 [Test worker] INFO org.springframework.boot.test.context.SpringBootTestContextBootstrapper - Using TestExecutionListeners: [org.springframework.test.context.web.ServletTestExecutionListener@5eea5627, org.springframework.test.context.support.DirtiesContextBeforeModesTestExecutionListener@3330f3ad, org.springframework.test.context.event.ApplicationEventsTestExecutionListener@f425231, org.springframework.boot.test.mock.mockito.MockitoTestExecutionListener@506aabf6, org.springframework.boot.test.autoconfigure.SpringBootDependencyInjectionTestExecutionListener@5cbd94b2, org.springframework.test.context.support.DirtiesContextTestExecutionListener@6824b913, org.springframework.test.context.transaction.TransactionalTestExecutionListener@756aadfc, org.springframework.test.context.jdbc.SqlScriptsTestExecutionListener@705a8dbc, org.springframework.test.context.event.EventPublishingTestExecutionListener@40729f01, org.springframework.boot.test.autoconfigure.restdocs.RestDocsTestExecutionListener@d535a3d, org.springframework.boot.test.autoconfigure.web.client.MockRestServiceServerResetTestExecutionListener@2d760326, org.springframework.boot.test.autoconfigure.web.servlet.MockMvcPrintOnlyOnFailureTestExecutionListener@9e54c59, org.springframework.boot.test.autoconfigure.web.servlet.WebDriverTestExecutionListener@5dbb50f3, org.springframework.boot.test.autoconfigure.webservices.client.MockWebServiceServerTestExecutionListener@4a2e7bcb, org.springframework.boot.test.mock.mockito.ResetMocksTestExecutionListener@575c3e9b]
20:21:02.358 [Test worker] DEBUG org.springframework.test.context.support.AbstractDirtiesContextTestExecutionListener - Before test class: context [DefaultTestContext@64dae3b7 testClass = scottSmallProjectTests, testInstance = [null], testMethod = [null], testException = [null], mergedContextConfiguration = [WebMergedContextConfiguration@1fedf0a4 testClass = scottSmallProjectTests, locations = '{}', classes = '{class com.derp.scottSmallProj.scottSmallProject}', contextInitializerClasses = '[]', activeProfiles = '{}', propertySourceLocations = '{}', propertySourceProperties = '{org.springframework.boot.test.context.SpringBootTestContextBootstrapper=true}', contextCustomizers = set[org.springframework.boot.test.autoconfigure.actuate.metrics.MetricsExportContextCustomizerFactory$DisableMetricExportContextCustomizer@1aac188d, org.springframework.boot.test.autoconfigure.properties.PropertyMappingContextCustomizer@0, org.springframework.boot.test.autoconfigure.web.servlet.WebDriverContextCustomizerFactory$Customizer@7aa9e414, org.springframework.boot.test.context.filter.ExcludeFilterContextCustomizer@338cc75f, org.springframework.boot.test.json.DuplicateJsonObjectContextCustomizerFactory$DuplicateJsonObjectContextCustomizer@6b2e0f78, org.springframework.boot.test.mock.mockito.MockitoContextCustomizer@0, org.springframework.boot.test.web.client.TestRestTemplateContextCustomizer@2776015d, org.springframework.boot.test.context.SpringBootTestArgs@1, org.springframework.boot.test.context.SpringBootTestWebEnvironment@14f5da2c], resourceBasePath = 'src/main/webapp', contextLoader = 'org.springframework.boot.test.context.SpringBootContextLoader', parent = [null]], attributes = map['org.springframework.test.context.web.ServletTestExecutionListener.activateListener' -> true]], class annotated with @DirtiesContext [false] with mode [null].

  .   ____          _            __ _ _
 /\\ / ___'_ __ _ _(_)_ __  __ _ \ \ \ \
( ( )\___ | '_ | '_| | '_ \/ _` | \ \ \ \
 \\/  ___)| |_)| | | | | || (_| |  ) ) ) )
  '  |____| .__|_| |_|_| |_\__, | / / / /
 =========|_|==============|___/=/_/_/_/
 :: Spring Boot ::                (v2.7.6)

2023-09-29 20:21:02.701  INFO 6584 --- [    Test worker] c.d.s.scottSmallProjectTests             : Starting scottSmallProjectTests using Java 19.0.1 on Scotts-MacBook-Pro-2.local with PID 6584 (started by scottcardinali in /Users/scottcardinali/Repos/JavaSmallProj)
2023-09-29 20:21:02.702  INFO 6584 --- [    Test worker] c.d.s.scottSmallProjectTests             : No active profile set, falling back to 1 default profile: "default"
2023-09-29 20:21:03.618  INFO 6584 --- [    Test worker] .s.d.r.c.RepositoryConfigurationDelegate : Multiple Spring Data modules found, entering strict repository configuration mode
2023-09-29 20:21:03.619  INFO 6584 --- [    Test worker] .s.d.r.c.RepositoryConfigurationDelegate : Bootstrapping Spring Data JDBC repositories in DEFAULT mode.
2023-09-29 20:21:03.648  INFO 6584 --- [    Test worker] .RepositoryConfigurationExtensionSupport : Spring Data JDBC - Could not safely identify store assignment for repository candidate interface com.derp.scottSmallProj.repository.AppUserRepository; If you want this repository to be a JDBC repository, consider annotating your entities with one of these annotations: org.springframework.data.relational.core.mapping.Table.
2023-09-29 20:21:03.649  INFO 6584 --- [    Test worker] .s.d.r.c.RepositoryConfigurationDelegate : Finished Spring Data repository scanning in 24 ms. Found 0 JDBC repository interfaces.
2023-09-29 20:21:03.658  INFO 6584 --- [    Test worker] .s.d.r.c.RepositoryConfigurationDelegate : Multiple Spring Data modules found, entering strict repository configuration mode
2023-09-29 20:21:03.659  INFO 6584 --- [    Test worker] .s.d.r.c.RepositoryConfigurationDelegate : Bootstrapping Spring Data JPA repositories in DEFAULT mode.
2023-09-29 20:21:03.686  INFO 6584 --- [    Test worker] .s.d.r.c.RepositoryConfigurationDelegate : Finished Spring Data repository scanning in 22 ms. Found 1 JPA repository interfaces.
2023-09-29 20:21:04.230  INFO 6584 --- [    Test worker] com.zaxxer.hikari.HikariDataSource       : HikariPool-1 - Starting...
2023-09-29 20:21:04.580  INFO 6584 --- [    Test worker] com.zaxxer.hikari.HikariDataSource       : HikariPool-1 - Start completed.
2023-09-29 20:21:04.659  INFO 6584 --- [    Test worker] o.hibernate.jpa.internal.util.LogHelper  : HHH000204: Processing PersistenceUnitInfo [name: default]
2023-09-29 20:21:04.724  INFO 6584 --- [    Test worker] org.hibernate.Version                    : HHH000412: Hibernate ORM core version 5.6.14.Final
2023-09-29 20:21:04.955  INFO 6584 --- [    Test worker] o.hibernate.annotations.common.Version   : HCANN000001: Hibernate Commons Annotations {5.1.2.Final}
2023-09-29 20:21:05.099  INFO 6584 --- [    Test worker] org.hibernate.dialect.Dialect            : HHH000400: Using dialect: org.hibernate.dialect.H2Dialect
2023-09-29 20:21:05.671  INFO 6584 --- [    Test worker] o.h.e.t.j.p.i.JtaPlatformInitiator       : HHH000490: Using JtaPlatform implementation: [org.hibernate.engine.transaction.jta.platform.internal.NoJtaPlatform]
2023-09-29 20:21:05.679  INFO 6584 --- [    Test worker] j.LocalContainerEntityManagerFactoryBean : Initialized JPA EntityManagerFactory for persistence unit 'default'
2023-09-29 20:21:06.136  WARN 6584 --- [    Test worker] JpaBaseConfiguration$JpaWebConfiguration : spring.jpa.open-in-view is enabled by default. Therefore, database queries may be performed during view rendering. Explicitly configure spring.jpa.open-in-view to disable this warning
2023-09-29 20:21:06.398  INFO 6584 --- [    Test worker] o.s.b.a.h2.H2ConsoleAutoConfiguration    : H2 console available at '/h2-console'. Database available at 'jdbc:h2:mem:dcbapp'
2023-09-29 20:21:06.734  INFO 6584 --- [    Test worker] c.d.s.scottSmallProjectTests             : Started scottSmallProjectTests in 4.331 seconds (JVM running for 5.929)
]]></system-out>
  <system-err><![CDATA[]]></system-err>
</testsuite>
